{
"/Users/arming/WebstormProjects/bellerophon/src/availableresources.js":{"path":"/Users/arming/WebstormProjects/bellerophon/src/availableresources.js","s":{"1":0,"2":0,"3":0,"4":0},"b":{},"f":{"1":0},"fnMap":{"1":{"name":"(anonymous_1)","line":54,"loc":{"start":{"line":54,"column":29},"end":{"line":54,"column":40}}}},"statementMap":{"1":{"start":{"line":7,"column":0},"end":{"line":7,"column":26}},"2":{"start":{"line":9,"column":0},"end":{"line":58,"column":2}},"3":{"start":{"line":55,"column":2},"end":{"line":55,"column":54}},"4":{"start":{"line":60,"column":0},"end":{"line":60,"column":36}}},"branchMap":{},"l":{"7":0,"9":0,"55":0,"60":0}},
"/Users/arming/WebstormProjects/bellerophon/src/index.js":{"path":"/Users/arming/WebstormProjects/bellerophon/src/index.js","s":{"1":0,"2":0,"3":0,"4":0,"5":0,"6":0,"7":0,"8":0,"9":0,"10":0,"11":0,"12":0,"13":1,"14":0,"15":0,"16":0,"17":0,"18":0,"19":0,"20":0,"21":0,"22":0,"23":0,"24":0,"25":0,"26":0,"27":0,"28":0,"29":0,"30":0,"31":0,"32":0,"33":1,"34":0,"35":0,"36":0,"37":0,"38":0,"39":0,"40":0,"41":0,"42":0,"43":0,"44":1,"45":0,"46":0,"47":0,"48":0,"49":0,"50":0,"51":0,"52":0,"53":0,"54":0,"55":0,"56":0,"57":0,"58":0,"59":0,"60":0,"61":0,"62":0,"63":0,"64":0,"65":0,"66":0,"67":0,"68":0,"69":0,"70":0,"71":0,"72":0,"73":0,"74":0,"75":0,"76":0,"77":0,"78":0,"79":0,"80":0,"81":0,"82":0,"83":0,"84":0,"85":0,"86":0,"87":0,"88":0,"89":0,"90":0,"91":0,"92":0,"93":0,"94":0,"95":0,"96":0,"97":0,"98":0,"99":1,"100":0,"101":1,"102":0,"103":1,"104":0,"105":0,"106":0,"107":0,"108":1,"109":0,"110":0,"111":0,"112":0,"113":0,"114":0,"115":0,"116":0,"117":0,"118":0,"119":0,"120":0,"121":0,"122":0,"123":0,"124":0,"125":0,"126":0,"127":0,"128":0,"129":0,"130":0,"131":0,"132":0,"133":0,"134":0,"135":0,"136":0,"137":0,"138":0,"139":0,"140":0,"141":0,"142":0,"143":0,"144":0,"145":0,"146":0},"b":{"1":[0,0],"2":[0,0],"3":[0,0],"4":[0,0],"5":[0,0],"6":[0,0],"7":[0,0],"8":[0,0],"9":[0,0],"10":[0,0],"11":[0,0],"12":[0,0],"13":[0,0],"14":[0,0],"15":[0,0]},"f":{"1":0,"2":0,"3":0,"4":0,"5":0,"6":0,"7":0,"8":0,"9":0,"10":0,"11":0,"12":0,"13":0,"14":0,"15":0,"16":0,"17":0,"18":0,"19":0,"20":0,"21":0,"22":0,"23":0,"24":0,"25":0,"26":0,"27":0,"28":0,"29":0,"30":0,"31":0,"32":0,"33":0,"34":0,"35":0,"36":0,"37":0,"38":0,"39":0},"fnMap":{"1":{"name":"showSaveDialog","line":16,"loc":{"start":{"line":16,"column":0},"end":{"line":16,"column":26}}},"2":{"name":"(anonymous_2)","line":22,"loc":{"start":{"line":22,"column":2},"end":{"line":22,"column":21}}},"3":{"name":"(anonymous_3)","line":25,"loc":{"start":{"line":25,"column":64},"end":{"line":25,"column":75}}},"4":{"name":"(anonymous_4)","line":44,"loc":{"start":{"line":44,"column":31},"end":{"line":44,"column":51}}},"5":{"name":"(anonymous_5)","line":48,"loc":{"start":{"line":48,"column":32},"end":{"line":48,"column":48}}},"6":{"name":"(anonymous_6)","line":51,"loc":{"start":{"line":51,"column":8},"end":{"line":51,"column":19}}},"7":{"name":"updateResource","line":57,"loc":{"start":{"line":57,"column":0},"end":{"line":57,"column":44}}},"8":{"name":"(anonymous_8)","line":61,"loc":{"start":{"line":61,"column":8},"end":{"line":61,"column":23}}},"9":{"name":"(anonymous_9)","line":66,"loc":{"start":{"line":66,"column":35},"end":{"line":66,"column":47}}},"10":{"name":"(anonymous_10)","line":71,"loc":{"start":{"line":71,"column":9},"end":{"line":71,"column":21}}},"11":{"name":"updateResources","line":81,"loc":{"start":{"line":81,"column":0},"end":{"line":81,"column":27}}},"12":{"name":"(anonymous_12)","line":83,"loc":{"start":{"line":83,"column":28},"end":{"line":83,"column":63}}},"13":{"name":"(anonymous_13)","line":84,"loc":{"start":{"line":84,"column":41},"end":{"line":84,"column":74}}},"14":{"name":"(anonymous_14)","line":91,"loc":{"start":{"line":91,"column":30},"end":{"line":91,"column":51}}},"15":{"name":"(anonymous_15)","line":96,"loc":{"start":{"line":96,"column":31},"end":{"line":96,"column":47}}},"16":{"name":"(anonymous_16)","line":99,"loc":{"start":{"line":99,"column":7},"end":{"line":99,"column":18}}},"17":{"name":"(anonymous_17)","line":105,"loc":{"start":{"line":105,"column":23},"end":{"line":105,"column":44}}},"18":{"name":"(anonymous_18)","line":110,"loc":{"start":{"line":110,"column":27},"end":{"line":110,"column":43}}},"19":{"name":"(anonymous_19)","line":115,"loc":{"start":{"line":115,"column":35},"end":{"line":115,"column":46}}},"20":{"name":"(anonymous_20)","line":122,"loc":{"start":{"line":122,"column":31},"end":{"line":122,"column":42}}},"21":{"name":"(anonymous_21)","line":127,"loc":{"start":{"line":127,"column":27},"end":{"line":127,"column":48}}},"22":{"name":"(anonymous_22)","line":145,"loc":{"start":{"line":145,"column":38},"end":{"line":145,"column":59}}},"23":{"name":"(anonymous_23)","line":158,"loc":{"start":{"line":158,"column":43},"end":{"line":158,"column":64}}},"24":{"name":"onMainClosed","line":175,"loc":{"start":{"line":175,"column":0},"end":{"line":175,"column":24}}},"25":{"name":"onTemplateClosed","line":179,"loc":{"start":{"line":179,"column":0},"end":{"line":179,"column":28}}},"26":{"name":"createMainWindow","line":183,"loc":{"start":{"line":183,"column":0},"end":{"line":183,"column":28}}},"27":{"name":"createTemplateWindow","line":197,"loc":{"start":{"line":197,"column":0},"end":{"line":197,"column":32}}},"28":{"name":"(anonymous_28)","line":209,"loc":{"start":{"line":209,"column":28},"end":{"line":209,"column":39}}},"29":{"name":"(anonymous_29)","line":213,"loc":{"start":{"line":213,"column":40},"end":{"line":213,"column":51}}},"30":{"name":"(anonymous_30)","line":223,"loc":{"start":{"line":223,"column":16},"end":{"line":223,"column":27}}},"31":{"name":"(anonymous_31)","line":233,"loc":{"start":{"line":233,"column":12},"end":{"line":233,"column":42}}},"32":{"name":"(anonymous_32)","line":240,"loc":{"start":{"line":240,"column":19},"end":{"line":240,"column":30}}},"33":{"name":"(anonymous_33)","line":246,"loc":{"start":{"line":246,"column":12},"end":{"line":246,"column":42}}},"34":{"name":"(anonymous_34)","line":253,"loc":{"start":{"line":253,"column":19},"end":{"line":253,"column":30}}},"35":{"name":"(anonymous_35)","line":259,"loc":{"start":{"line":259,"column":12},"end":{"line":259,"column":42}}},"36":{"name":"(anonymous_36)","line":288,"loc":{"start":{"line":288,"column":12},"end":{"line":288,"column":23}}},"37":{"name":"(anonymous_37)","line":309,"loc":{"start":{"line":309,"column":12},"end":{"line":309,"column":23}}},"38":{"name":"(anonymous_38)","line":318,"loc":{"start":{"line":318,"column":12},"end":{"line":318,"column":23}}},"39":{"name":"(anonymous_39)","line":328,"loc":{"start":{"line":328,"column":12},"end":{"line":328,"column":23}}}},"statementMap":{"1":{"start":{"line":2,"column":0},"end":{"line":2,"column":35}},"2":{"start":{"line":3,"column":0},"end":{"line":3,"column":23}},"3":{"start":{"line":4,"column":0},"end":{"line":4,"column":25}},"4":{"start":{"line":5,"column":0},"end":{"line":5,"column":23}},"5":{"start":{"line":6,"column":0},"end":{"line":6,"column":37}},"6":{"start":{"line":7,"column":0},"end":{"line":7,"column":37}},"7":{"start":{"line":8,"column":0},"end":{"line":8,"column":40}},"8":{"start":{"line":9,"column":0},"end":{"line":9,"column":26}},"9":{"start":{"line":10,"column":0},"end":{"line":10,"column":28}},"10":{"start":{"line":11,"column":0},"end":{"line":11,"column":33}},"11":{"start":{"line":12,"column":0},"end":{"line":12,"column":57}},"12":{"start":{"line":14,"column":0},"end":{"line":14,"column":26}},"13":{"start":{"line":16,"column":0},"end":{"line":30,"column":1}},"14":{"start":{"line":17,"column":1},"end":{"line":29,"column":5}},"15":{"start":{"line":23,"column":3},"end":{"line":28,"column":4}},"16":{"start":{"line":24,"column":4},"end":{"line":24,"column":33}},"17":{"start":{"line":25,"column":4},"end":{"line":27,"column":7}},"18":{"start":{"line":26,"column":5},"end":{"line":26,"column":30}},"19":{"start":{"line":33,"column":0},"end":{"line":33,"column":15}},"20":{"start":{"line":34,"column":0},"end":{"line":34,"column":19}},"21":{"start":{"line":36,"column":0},"end":{"line":36,"column":32}},"22":{"start":{"line":38,"column":0},"end":{"line":38,"column":31}},"23":{"start":{"line":39,"column":0},"end":{"line":39,"column":29}},"24":{"start":{"line":41,"column":0},"end":{"line":41,"column":30}},"25":{"start":{"line":42,"column":0},"end":{"line":42,"column":73}},"26":{"start":{"line":44,"column":0},"end":{"line":46,"column":2}},"27":{"start":{"line":45,"column":1},"end":{"line":45,"column":18}},"28":{"start":{"line":48,"column":0},"end":{"line":55,"column":3}},"29":{"start":{"line":49,"column":1},"end":{"line":49,"column":70}},"30":{"start":{"line":50,"column":1},"end":{"line":54,"column":5}},"31":{"start":{"line":52,"column":3},"end":{"line":52,"column":28}},"32":{"start":{"line":53,"column":3},"end":{"line":53,"column":87}},"33":{"start":{"line":57,"column":0},"end":{"line":79,"column":1}},"34":{"start":{"line":58,"column":1},"end":{"line":58,"column":55}},"35":{"start":{"line":59,"column":1},"end":{"line":78,"column":5}},"36":{"start":{"line":63,"column":3},"end":{"line":65,"column":4}},"37":{"start":{"line":64,"column":4},"end":{"line":64,"column":34}},"38":{"start":{"line":66,"column":3},"end":{"line":69,"column":6}},"39":{"start":{"line":67,"column":4},"end":{"line":67,"column":67}},"40":{"start":{"line":68,"column":4},"end":{"line":68,"column":73}},"41":{"start":{"line":72,"column":3},"end":{"line":72,"column":17}},"42":{"start":{"line":73,"column":3},"end":{"line":73,"column":23}},"43":{"start":{"line":74,"column":3},"end":{"line":77,"column":6}},"44":{"start":{"line":81,"column":0},"end":{"line":89,"column":1}},"45":{"start":{"line":82,"column":1},"end":{"line":82,"column":19}},"46":{"start":{"line":83,"column":1},"end":{"line":87,"column":4}},"47":{"start":{"line":84,"column":2},"end":{"line":86,"column":6}},"48":{"start":{"line":85,"column":4},"end":{"line":85,"column":60}},"49":{"start":{"line":88,"column":1},"end":{"line":88,"column":24}},"50":{"start":{"line":91,"column":0},"end":{"line":94,"column":3}},"51":{"start":{"line":92,"column":1},"end":{"line":92,"column":43}},"52":{"start":{"line":93,"column":1},"end":{"line":93,"column":43}},"53":{"start":{"line":96,"column":0},"end":{"line":103,"column":3}},"54":{"start":{"line":97,"column":1},"end":{"line":97,"column":44}},"55":{"start":{"line":98,"column":1},"end":{"line":102,"column":4}},"56":{"start":{"line":100,"column":2},"end":{"line":100,"column":24}},"57":{"start":{"line":101,"column":2},"end":{"line":101,"column":86}},"58":{"start":{"line":105,"column":0},"end":{"line":108,"column":3}},"59":{"start":{"line":106,"column":1},"end":{"line":106,"column":36}},"60":{"start":{"line":107,"column":1},"end":{"line":107,"column":42}},"61":{"start":{"line":110,"column":0},"end":{"line":113,"column":3}},"62":{"start":{"line":111,"column":1},"end":{"line":111,"column":45}},"63":{"start":{"line":112,"column":1},"end":{"line":112,"column":53}},"64":{"start":{"line":115,"column":0},"end":{"line":120,"column":3}},"65":{"start":{"line":116,"column":1},"end":{"line":116,"column":57}},"66":{"start":{"line":117,"column":1},"end":{"line":119,"column":2}},"67":{"start":{"line":118,"column":2},"end":{"line":118,"column":42}},"68":{"start":{"line":122,"column":0},"end":{"line":125,"column":3}},"69":{"start":{"line":123,"column":1},"end":{"line":123,"column":37}},"70":{"start":{"line":124,"column":1},"end":{"line":124,"column":18}},"71":{"start":{"line":127,"column":0},"end":{"line":143,"column":3}},"72":{"start":{"line":128,"column":1},"end":{"line":128,"column":42}},"73":{"start":{"line":129,"column":1},"end":{"line":135,"column":2}},"74":{"start":{"line":130,"column":2},"end":{"line":130,"column":92}},"75":{"start":{"line":131,"column":2},"end":{"line":131,"column":47}},"76":{"start":{"line":133,"column":2},"end":{"line":133,"column":91}},"77":{"start":{"line":134,"column":2},"end":{"line":134,"column":44}},"78":{"start":{"line":136,"column":1},"end":{"line":136,"column":21}},"79":{"start":{"line":139,"column":1},"end":{"line":141,"column":2}},"80":{"start":{"line":140,"column":2},"end":{"line":140,"column":68}},"81":{"start":{"line":142,"column":1},"end":{"line":142,"column":59}},"82":{"start":{"line":145,"column":0},"end":{"line":156,"column":3}},"83":{"start":{"line":146,"column":1},"end":{"line":146,"column":43}},"84":{"start":{"line":148,"column":1},"end":{"line":148,"column":76}},"85":{"start":{"line":151,"column":1},"end":{"line":151,"column":36}},"86":{"start":{"line":152,"column":1},"end":{"line":154,"column":2}},"87":{"start":{"line":153,"column":2},"end":{"line":153,"column":68}},"88":{"start":{"line":155,"column":1},"end":{"line":155,"column":59}},"89":{"start":{"line":158,"column":0},"end":{"line":167,"column":3}},"90":{"start":{"line":159,"column":1},"end":{"line":159,"column":46}},"91":{"start":{"line":160,"column":1},"end":{"line":160,"column":77}},"92":{"start":{"line":161,"column":1},"end":{"line":161,"column":81}},"93":{"start":{"line":162,"column":1},"end":{"line":162,"column":39}},"94":{"start":{"line":163,"column":1},"end":{"line":165,"column":2}},"95":{"start":{"line":164,"column":2},"end":{"line":164,"column":68}},"96":{"start":{"line":166,"column":1},"end":{"line":166,"column":59}},"97":{"start":{"line":170,"column":0},"end":{"line":170,"column":34}},"98":{"start":{"line":173,"column":0},"end":{"line":173,"column":28}},"99":{"start":{"line":175,"column":0},"end":{"line":177,"column":1}},"100":{"start":{"line":176,"column":1},"end":{"line":176,"column":19}},"101":{"start":{"line":179,"column":0},"end":{"line":181,"column":1}},"102":{"start":{"line":180,"column":1},"end":{"line":180,"column":23}},"103":{"start":{"line":183,"column":0},"end":{"line":195,"column":1}},"104":{"start":{"line":184,"column":1},"end":{"line":190,"column":4}},"105":{"start":{"line":192,"column":1},"end":{"line":192,"column":55}},"106":{"start":{"line":193,"column":1},"end":{"line":193,"column":40}},"107":{"start":{"line":194,"column":1},"end":{"line":194,"column":12}},"108":{"start":{"line":197,"column":0},"end":{"line":207,"column":1}},"109":{"start":{"line":198,"column":1},"end":{"line":202,"column":4}},"110":{"start":{"line":204,"column":1},"end":{"line":204,"column":61}},"111":{"start":{"line":205,"column":1},"end":{"line":205,"column":48}},"112":{"start":{"line":206,"column":1},"end":{"line":206,"column":12}},"113":{"start":{"line":209,"column":0},"end":{"line":211,"column":3}},"114":{"start":{"line":210,"column":1},"end":{"line":210,"column":12}},"115":{"start":{"line":213,"column":0},"end":{"line":218,"column":3}},"116":{"start":{"line":214,"column":1},"end":{"line":214,"column":45}},"117":{"start":{"line":215,"column":1},"end":{"line":217,"column":2}},"118":{"start":{"line":216,"column":2},"end":{"line":216,"column":34}},"119":{"start":{"line":221,"column":0},"end":{"line":221,"column":16}},"120":{"start":{"line":223,"column":0},"end":{"line":347,"column":3}},"121":{"start":{"line":224,"column":1},"end":{"line":224,"column":21}},"122":{"start":{"line":226,"column":1},"end":{"line":292,"column":3}},"123":{"start":{"line":234,"column":6},"end":{"line":235,"column":30}},"124":{"start":{"line":235,"column":7},"end":{"line":235,"column":30}},"125":{"start":{"line":241,"column":6},"end":{"line":244,"column":20}},"126":{"start":{"line":242,"column":7},"end":{"line":242,"column":31}},"127":{"start":{"line":244,"column":7},"end":{"line":244,"column":20}},"128":{"start":{"line":247,"column":6},"end":{"line":248,"column":66}},"129":{"start":{"line":248,"column":7},"end":{"line":248,"column":66}},"130":{"start":{"line":254,"column":6},"end":{"line":257,"column":29}},"131":{"start":{"line":255,"column":7},"end":{"line":255,"column":30}},"132":{"start":{"line":257,"column":7},"end":{"line":257,"column":29}},"133":{"start":{"line":260,"column":6},"end":{"line":261,"column":38}},"134":{"start":{"line":261,"column":7},"end":{"line":261,"column":38}},"135":{"start":{"line":288,"column":25},"end":{"line":288,"column":109}},"136":{"start":{"line":294,"column":1},"end":{"line":341,"column":2}},"137":{"start":{"line":295,"column":2},"end":{"line":295,"column":47}},"138":{"start":{"line":296,"column":2},"end":{"line":331,"column":5}},"139":{"start":{"line":310,"column":6},"end":{"line":312,"column":7}},"140":{"start":{"line":311,"column":7},"end":{"line":311,"column":47}},"141":{"start":{"line":319,"column":6},"end":{"line":319,"column":23}},"142":{"start":{"line":328,"column":25},"end":{"line":328,"column":36}},"143":{"start":{"line":332,"column":2},"end":{"line":340,"column":4}},"144":{"start":{"line":343,"column":1},"end":{"line":343,"column":45}},"145":{"start":{"line":344,"column":1},"end":{"line":344,"column":31}},"146":{"start":{"line":346,"column":1},"end":{"line":346,"column":33}}},"branchMap":{"1":{"line":23,"type":"if","locations":[{"start":{"line":23,"column":3},"end":{"line":23,"column":3}},{"start":{"line":23,"column":3},"end":{"line":23,"column":3}}]},"2":{"line":63,"type":"if","locations":[{"start":{"line":63,"column":3},"end":{"line":63,"column":3}},{"start":{"line":63,"column":3},"end":{"line":63,"column":3}}]},"3":{"line":117,"type":"if","locations":[{"start":{"line":117,"column":1},"end":{"line":117,"column":1}},{"start":{"line":117,"column":1},"end":{"line":117,"column":1}}]},"4":{"line":129,"type":"if","locations":[{"start":{"line":129,"column":1},"end":{"line":129,"column":1}},{"start":{"line":129,"column":1},"end":{"line":129,"column":1}}]},"5":{"line":139,"type":"if","locations":[{"start":{"line":139,"column":1},"end":{"line":139,"column":1}},{"start":{"line":139,"column":1},"end":{"line":139,"column":1}}]},"6":{"line":152,"type":"if","locations":[{"start":{"line":152,"column":1},"end":{"line":152,"column":1}},{"start":{"line":152,"column":1},"end":{"line":152,"column":1}}]},"7":{"line":163,"type":"if","locations":[{"start":{"line":163,"column":1},"end":{"line":163,"column":1}},{"start":{"line":163,"column":1},"end":{"line":163,"column":1}}]},"8":{"line":215,"type":"if","locations":[{"start":{"line":215,"column":1},"end":{"line":215,"column":1}},{"start":{"line":215,"column":1},"end":{"line":215,"column":1}}]},"9":{"line":234,"type":"if","locations":[{"start":{"line":234,"column":6},"end":{"line":234,"column":6}},{"start":{"line":234,"column":6},"end":{"line":234,"column":6}}]},"10":{"line":241,"type":"if","locations":[{"start":{"line":241,"column":6},"end":{"line":241,"column":6}},{"start":{"line":241,"column":6},"end":{"line":241,"column":6}}]},"11":{"line":247,"type":"if","locations":[{"start":{"line":247,"column":6},"end":{"line":247,"column":6}},{"start":{"line":247,"column":6},"end":{"line":247,"column":6}}]},"12":{"line":254,"type":"if","locations":[{"start":{"line":254,"column":6},"end":{"line":254,"column":6}},{"start":{"line":254,"column":6},"end":{"line":254,"column":6}}]},"13":{"line":260,"type":"if","locations":[{"start":{"line":260,"column":6},"end":{"line":260,"column":6}},{"start":{"line":260,"column":6},"end":{"line":260,"column":6}}]},"14":{"line":294,"type":"if","locations":[{"start":{"line":294,"column":1},"end":{"line":294,"column":1}},{"start":{"line":294,"column":1},"end":{"line":294,"column":1}}]},"15":{"line":310,"type":"if","locations":[{"start":{"line":310,"column":6},"end":{"line":310,"column":6}},{"start":{"line":310,"column":6},"end":{"line":310,"column":6}}]}},"l":{"2":0,"3":0,"4":0,"5":0,"6":0,"7":0,"8":0,"9":0,"10":0,"11":0,"12":0,"14":0,"16":1,"17":0,"23":0,"24":0,"25":0,"26":0,"33":0,"34":0,"36":0,"38":0,"39":0,"41":0,"42":0,"44":0,"45":0,"48":0,"49":0,"50":0,"52":0,"53":0,"57":1,"58":0,"59":0,"63":0,"64":0,"66":0,"67":0,"68":0,"72":0,"73":0,"74":0,"81":1,"82":0,"83":0,"84":0,"85":0,"88":0,"91":0,"92":0,"93":0,"96":0,"97":0,"98":0,"100":0,"101":0,"105":0,"106":0,"107":0,"110":0,"111":0,"112":0,"115":0,"116":0,"117":0,"118":0,"122":0,"123":0,"124":0,"127":0,"128":0,"129":0,"130":0,"131":0,"133":0,"134":0,"136":0,"139":0,"140":0,"142":0,"145":0,"146":0,"148":0,"151":0,"152":0,"153":0,"155":0,"158":0,"159":0,"160":0,"161":0,"162":0,"163":0,"164":0,"166":0,"170":0,"173":0,"175":1,"176":0,"179":1,"180":0,"183":1,"184":0,"192":0,"193":0,"194":0,"197":1,"198":0,"204":0,"205":0,"206":0,"209":0,"210":0,"213":0,"214":0,"215":0,"216":0,"221":0,"223":0,"224":0,"226":0,"234":0,"235":0,"241":0,"242":0,"244":0,"247":0,"248":0,"254":0,"255":0,"257":0,"260":0,"261":0,"288":0,"294":0,"295":0,"296":0,"310":0,"311":0,"319":0,"328":0,"332":0,"343":0,"344":0,"346":0}},
"/Users/arming/WebstormProjects/bellerophon/src/logger.js":{"path":"/Users/arming/WebstormProjects/bellerophon/src/logger.js","s":{"1":0,"2":0,"3":0,"4":0,"5":0,"6":0,"7":0,"8":0,"9":0,"10":0,"11":0,"12":0},"b":{"1":[0,0],"2":[0,0]},"f":{"1":0,"2":0},"fnMap":{"1":{"name":"(anonymous_1)","line":8,"loc":{"start":{"line":8,"column":13},"end":{"line":8,"column":24}}},"2":{"name":"(anonymous_2)","line":18,"loc":{"start":{"line":18,"column":12},"end":{"line":18,"column":39}}}},"statementMap":{"1":{"start":{"line":5,"column":0},"end":{"line":5,"column":33}},"2":{"start":{"line":6,"column":0},"end":{"line":6,"column":23}},"3":{"start":{"line":8,"column":0},"end":{"line":27,"column":2}},"4":{"start":{"line":9,"column":1},"end":{"line":9,"column":17}},"5":{"start":{"line":10,"column":1},"end":{"line":16,"column":4}},"6":{"start":{"line":18,"column":1},"end":{"line":26,"column":3}},"7":{"start":{"line":19,"column":2},"end":{"line":21,"column":3}},"8":{"start":{"line":20,"column":3},"end":{"line":20,"column":18}},"9":{"start":{"line":22,"column":2},"end":{"line":24,"column":3}},"10":{"start":{"line":23,"column":3},"end":{"line":23,"column":19}},"11":{"start":{"line":25,"column":2},"end":{"line":25,"column":36}},"12":{"start":{"line":29,"column":0},"end":{"line":29,"column":24}}},"branchMap":{"1":{"line":19,"type":"if","locations":[{"start":{"line":19,"column":2},"end":{"line":19,"column":2}},{"start":{"line":19,"column":2},"end":{"line":19,"column":2}}]},"2":{"line":22,"type":"if","locations":[{"start":{"line":22,"column":2},"end":{"line":22,"column":2}},{"start":{"line":22,"column":2},"end":{"line":22,"column":2}}]}},"l":{"5":0,"6":0,"8":0,"9":0,"10":0,"18":0,"19":0,"20":0,"22":0,"23":0,"25":0,"29":0}},
"/Users/arming/WebstormProjects/bellerophon/src/resource.js":{"path":"/Users/arming/WebstormProjects/bellerophon/src/resource.js","s":{"1":1,"2":1,"3":1,"4":1,"5":1,"6":1,"7":1,"8":5,"9":5,"10":1,"11":5,"12":5,"13":5,"14":5,"15":5,"16":1,"17":2,"18":2,"19":1,"20":1,"21":1,"22":1,"23":9,"24":0,"25":0,"26":0,"27":0,"28":0,"29":0,"30":1,"31":1,"32":1,"33":1,"34":1},"b":{},"f":{"1":5,"2":5,"3":2,"4":1,"5":1,"6":1,"7":9,"8":0,"9":0,"10":0,"11":1,"12":1},"fnMap":{"1":{"name":"(anonymous_1)","line":16,"loc":{"start":{"line":16,"column":16},"end":{"line":16,"column":31}}},"2":{"name":"baseConstruct","line":21,"loc":{"start":{"line":21,"column":0},"end":{"line":21,"column":40}}},"3":{"name":"(anonymous_3)","line":36,"loc":{"start":{"line":36,"column":15},"end":{"line":36,"column":37}}},"4":{"name":"(anonymous_4)","line":65,"loc":{"start":{"line":65,"column":15},"end":{"line":65,"column":37}}},"5":{"name":"(anonymous_5)","line":92,"loc":{"start":{"line":92,"column":10},"end":{"line":92,"column":21}}},"6":{"name":"(anonymous_6)","line":95,"loc":{"start":{"line":95,"column":12},"end":{"line":95,"column":27}}},"7":{"name":"(anonymous_7)","line":96,"loc":{"start":{"line":96,"column":44},"end":{"line":96,"column":60}}},"8":{"name":"(anonymous_8)","line":103,"loc":{"start":{"line":103,"column":13},"end":{"line":103,"column":29}}},"9":{"name":"(anonymous_9)","line":105,"loc":{"start":{"line":105,"column":18},"end":{"line":105,"column":33}}},"10":{"name":"(anonymous_10)","line":110,"loc":{"start":{"line":110,"column":15},"end":{"line":110,"column":37}}},"11":{"name":"(anonymous_11)","line":130,"loc":{"start":{"line":130,"column":15},"end":{"line":130,"column":37}}},"12":{"name":"(anonymous_12)","line":152,"loc":{"start":{"line":152,"column":15},"end":{"line":152,"column":37}}}},"statementMap":{"1":{"start":{"line":6,"column":0},"end":{"line":6,"column":26}},"2":{"start":{"line":8,"column":0},"end":{"line":8,"column":29}},"3":{"start":{"line":9,"column":0},"end":{"line":9,"column":32}},"4":{"start":{"line":11,"column":0},"end":{"line":11,"column":28}},"5":{"start":{"line":13,"column":0},"end":{"line":13,"column":40}},"6":{"start":{"line":14,"column":0},"end":{"line":14,"column":48}},"7":{"start":{"line":16,"column":0},"end":{"line":19,"column":2}},"8":{"start":{"line":17,"column":1},"end":{"line":17,"column":34}},"9":{"start":{"line":18,"column":1},"end":{"line":18,"column":26}},"10":{"start":{"line":21,"column":0},"end":{"line":27,"column":1}},"11":{"start":{"line":22,"column":1},"end":{"line":22,"column":24}},"12":{"start":{"line":23,"column":1},"end":{"line":23,"column":25}},"13":{"start":{"line":24,"column":1},"end":{"line":24,"column":15}},"14":{"start":{"line":25,"column":1},"end":{"line":25,"column":28}},"15":{"start":{"line":26,"column":1},"end":{"line":26,"column":17}},"16":{"start":{"line":29,"column":0},"end":{"line":624,"column":2}},"17":{"start":{"line":37,"column":5},"end":{"line":37,"column":37}},"18":{"start":{"line":38,"column":5},"end":{"line":58,"column":7}},"19":{"start":{"line":66,"column":5},"end":{"line":66,"column":37}},"20":{"start":{"line":67,"column":5},"end":{"line":88,"column":6}},"21":{"start":{"line":93,"column":5},"end":{"line":99,"column":8}},"22":{"start":{"line":96,"column":7},"end":{"line":98,"column":10}},"23":{"start":{"line":97,"column":8},"end":{"line":97,"column":101}},"24":{"start":{"line":104,"column":5},"end":{"line":104,"column":21}},"25":{"start":{"line":105,"column":5},"end":{"line":107,"column":8}},"26":{"start":{"line":106,"column":6},"end":{"line":106,"column":49}},"27":{"start":{"line":108,"column":5},"end":{"line":108,"column":39}},"28":{"start":{"line":111,"column":5},"end":{"line":111,"column":37}},"29":{"start":{"line":112,"column":5},"end":{"line":123,"column":6}},"30":{"start":{"line":131,"column":5},"end":{"line":131,"column":37}},"31":{"start":{"line":132,"column":5},"end":{"line":145,"column":6}},"32":{"start":{"line":153,"column":5},"end":{"line":153,"column":37}},"33":{"start":{"line":154,"column":5},"end":{"line":165,"column":6}},"34":{"start":{"line":626,"column":0},"end":{"line":626,"column":26}}},"branchMap":{},"l":{"6":1,"8":1,"9":1,"11":1,"13":1,"14":1,"16":1,"17":5,"18":5,"21":1,"22":5,"23":5,"24":5,"25":5,"26":5,"29":1,"37":2,"38":2,"66":1,"67":1,"93":1,"96":1,"97":9,"104":0,"105":0,"106":0,"108":0,"111":0,"112":0,"131":1,"132":1,"153":1,"154":1,"626":1}},
"/Users/arming/WebstormProjects/bellerophon/src/template.js":{"path":"/Users/arming/WebstormProjects/bellerophon/src/template.js","s":{"1":1,"2":1,"3":1,"4":1,"5":12,"6":14,"7":0,"8":14,"9":4,"10":0,"11":0,"12":14,"13":8,"14":1,"15":2,"16":8,"17":8,"18":2,"19":1,"20":2,"21":2,"22":2,"23":0,"24":2,"25":1,"26":2,"27":2,"28":1,"29":1,"30":1,"31":1,"32":1,"33":1,"34":1,"35":1,"36":1,"37":1,"38":1,"39":1,"40":1,"41":1,"42":1},"b":{"1":[0,14],"2":[4,10],"3":[0,0],"4":[8,6],"5":[1,0],"6":[1,0],"7":[1,0],"8":[1,0]},"f":{"1":1,"2":12,"3":14,"4":0,"5":2,"6":8,"7":2,"8":0,"9":2,"10":1,"11":1},"fnMap":{"1":{"name":"(anonymous_1)","line":9,"loc":{"start":{"line":9,"column":15},"end":{"line":9,"column":26}}},"2":{"name":"recursiveReplace","line":13,"loc":{"start":{"line":13,"column":1},"end":{"line":13,"column":59}}},"3":{"name":"(anonymous_3)","line":14,"loc":{"start":{"line":14,"column":18},"end":{"line":14,"column":38}}},"4":{"name":"(anonymous_4)","line":19,"loc":{"start":{"line":19,"column":16},"end":{"line":19,"column":29}}},"5":{"name":"populateBlock","line":31,"loc":{"start":{"line":31,"column":1},"end":{"line":31,"column":37}}},"6":{"name":"(anonymous_6)","line":32,"loc":{"start":{"line":32,"column":48},"end":{"line":32,"column":73}}},"7":{"name":"(anonymous_7)","line":39,"loc":{"start":{"line":39,"column":20},"end":{"line":39,"column":39}}},"8":{"name":"(anonymous_8)","line":42,"loc":{"start":{"line":42,"column":30},"end":{"line":42,"column":49}}},"9":{"name":"(anonymous_9)","line":48,"loc":{"start":{"line":48,"column":23},"end":{"line":48,"column":42}}},"10":{"name":"(anonymous_10)","line":53,"loc":{"start":{"line":53,"column":17},"end":{"line":53,"column":42}}},"11":{"name":"(anonymous_11)","line":67,"loc":{"start":{"line":67,"column":20},"end":{"line":67,"column":45}}}},"statementMap":{"1":{"start":{"line":7,"column":0},"end":{"line":7,"column":26}},"2":{"start":{"line":9,"column":0},"end":{"line":83,"column":2}},"3":{"start":{"line":11,"column":1},"end":{"line":11,"column":17}},"4":{"start":{"line":13,"column":1},"end":{"line":29,"column":2}},"5":{"start":{"line":14,"column":2},"end":{"line":28,"column":5}},"6":{"start":{"line":15,"column":3},"end":{"line":17,"column":4}},"7":{"start":{"line":16,"column":4},"end":{"line":16,"column":28}},"8":{"start":{"line":18,"column":3},"end":{"line":24,"column":4}},"9":{"start":{"line":19,"column":4},"end":{"line":23,"column":7}},"10":{"start":{"line":20,"column":5},"end":{"line":22,"column":6}},"11":{"start":{"line":21,"column":6},"end":{"line":21,"column":51}},"12":{"start":{"line":25,"column":3},"end":{"line":27,"column":4}},"13":{"start":{"line":26,"column":4},"end":{"line":26,"column":58}},"14":{"start":{"line":31,"column":1},"end":{"line":37,"column":2}},"15":{"start":{"line":32,"column":2},"end":{"line":35,"column":9}},"16":{"start":{"line":33,"column":3},"end":{"line":33,"column":27}},"17":{"start":{"line":34,"column":3},"end":{"line":34,"column":17}},"18":{"start":{"line":36,"column":2},"end":{"line":36,"column":15}},"19":{"start":{"line":39,"column":1},"end":{"line":46,"column":3}},"20":{"start":{"line":40,"column":2},"end":{"line":40,"column":87}},"21":{"start":{"line":41,"column":2},"end":{"line":41,"column":65}},"22":{"start":{"line":42,"column":2},"end":{"line":44,"column":5}},"23":{"start":{"line":43,"column":3},"end":{"line":43,"column":85}},"24":{"start":{"line":45,"column":2},"end":{"line":45,"column":51}},"25":{"start":{"line":48,"column":1},"end":{"line":51,"column":3}},"26":{"start":{"line":49,"column":2},"end":{"line":49,"column":87}},"27":{"start":{"line":50,"column":2},"end":{"line":50,"column":44}},"28":{"start":{"line":53,"column":1},"end":{"line":65,"column":3}},"29":{"start":{"line":54,"column":2},"end":{"line":64,"column":3}},"30":{"start":{"line":55,"column":3},"end":{"line":63,"column":4}},"31":{"start":{"line":56,"column":4},"end":{"line":56,"column":69}},"32":{"start":{"line":57,"column":4},"end":{"line":57,"column":51}},"33":{"start":{"line":58,"column":4},"end":{"line":58,"column":87}},"34":{"start":{"line":59,"column":4},"end":{"line":62,"column":5}},"35":{"start":{"line":67,"column":1},"end":{"line":75,"column":3}},"36":{"start":{"line":68,"column":2},"end":{"line":74,"column":3}},"37":{"start":{"line":69,"column":3},"end":{"line":73,"column":4}},"38":{"start":{"line":70,"column":4},"end":{"line":70,"column":51}},"39":{"start":{"line":71,"column":4},"end":{"line":71,"column":98}},"40":{"start":{"line":72,"column":4},"end":{"line":72,"column":43}},"41":{"start":{"line":77,"column":1},"end":{"line":81,"column":3}},"42":{"start":{"line":85,"column":0},"end":{"line":85,"column":26}}},"branchMap":{"1":{"line":15,"type":"if","locations":[{"start":{"line":15,"column":3},"end":{"line":15,"column":3}},{"start":{"line":15,"column":3},"end":{"line":15,"column":3}}]},"2":{"line":18,"type":"if","locations":[{"start":{"line":18,"column":3},"end":{"line":18,"column":3}},{"start":{"line":18,"column":3},"end":{"line":18,"column":3}}]},"3":{"line":20,"type":"if","locations":[{"start":{"line":20,"column":5},"end":{"line":20,"column":5}},{"start":{"line":20,"column":5},"end":{"line":20,"column":5}}]},"4":{"line":25,"type":"if","locations":[{"start":{"line":25,"column":3},"end":{"line":25,"column":3}},{"start":{"line":25,"column":3},"end":{"line":25,"column":3}}]},"5":{"line":54,"type":"if","locations":[{"start":{"line":54,"column":2},"end":{"line":54,"column":2}},{"start":{"line":54,"column":2},"end":{"line":54,"column":2}}]},"6":{"line":55,"type":"if","locations":[{"start":{"line":55,"column":3},"end":{"line":55,"column":3}},{"start":{"line":55,"column":3},"end":{"line":55,"column":3}}]},"7":{"line":68,"type":"if","locations":[{"start":{"line":68,"column":2},"end":{"line":68,"column":2}},{"start":{"line":68,"column":2},"end":{"line":68,"column":2}}]},"8":{"line":69,"type":"if","locations":[{"start":{"line":69,"column":3},"end":{"line":69,"column":3}},{"start":{"line":69,"column":3},"end":{"line":69,"column":3}}]}},"l":{"7":1,"9":1,"11":1,"13":1,"14":12,"15":14,"16":0,"18":14,"19":4,"20":0,"21":0,"25":14,"26":8,"31":1,"32":2,"33":8,"34":8,"36":2,"39":1,"40":2,"41":2,"42":2,"43":0,"45":2,"48":1,"49":2,"50":2,"53":1,"54":1,"55":1,"56":1,"57":1,"58":1,"59":1,"67":1,"68":1,"69":1,"70":1,"71":1,"72":1,"77":1,"85":1}},
"/Users/arming/WebstormProjects/bellerophon/src/template/templateView.js":{"path":"/Users/arming/WebstormProjects/bellerophon/src/template/templateView.js","s":{"1":0,"2":0,"3":0,"4":0,"5":0,"6":0,"7":0,"8":0,"9":0,"10":0,"11":0,"12":0,"13":0,"14":0,"15":1,"16":0,"17":0,"18":0,"19":0,"20":0,"21":0,"22":0,"23":0,"24":0,"25":0,"26":0,"27":0,"28":0,"29":0,"30":0,"31":0,"32":0},"b":{"1":[0,0],"2":[0,0],"3":[0,0]},"f":{"1":0,"2":0,"3":0,"4":0,"5":0,"6":0,"7":0},"fnMap":{"1":{"name":"(anonymous_1)","line":10,"loc":{"start":{"line":10,"column":10},"end":{"line":10,"column":31}}},"2":{"name":"(anonymous_2)","line":23,"loc":{"start":{"line":23,"column":34},"end":{"line":23,"column":55}}},"3":{"name":"resizeEditor","line":30,"loc":{"start":{"line":30,"column":0},"end":{"line":30,"column":30}}},"4":{"name":"(anonymous_4)","line":36,"loc":{"start":{"line":36,"column":13},"end":{"line":36,"column":24}}},"5":{"name":"(anonymous_5)","line":42,"loc":{"start":{"line":42,"column":20},"end":{"line":42,"column":54}}},"6":{"name":"(anonymous_6)","line":68,"loc":{"start":{"line":68,"column":20},"end":{"line":68,"column":31}}},"7":{"name":"(anonymous_7)","line":73,"loc":{"start":{"line":73,"column":7},"end":{"line":73,"column":28}}}},"statementMap":{"1":{"start":{"line":6,"column":0},"end":{"line":6,"column":27}},"2":{"start":{"line":8,"column":0},"end":{"line":8,"column":50}},"3":{"start":{"line":10,"column":0},"end":{"line":15,"column":2}},"4":{"start":{"line":11,"column":1},"end":{"line":13,"column":2}},"5":{"start":{"line":12,"column":2},"end":{"line":12,"column":17}},"6":{"start":{"line":14,"column":1},"end":{"line":14,"column":77}},"7":{"start":{"line":17,"column":0},"end":{"line":17,"column":29}},"8":{"start":{"line":19,"column":0},"end":{"line":19,"column":26}},"9":{"start":{"line":21,"column":0},"end":{"line":21,"column":33}},"10":{"start":{"line":23,"column":0},"end":{"line":28,"column":3}},"11":{"start":{"line":24,"column":1},"end":{"line":24,"column":22}},"12":{"start":{"line":25,"column":1},"end":{"line":25,"column":27}},"13":{"start":{"line":26,"column":1},"end":{"line":26,"column":15}},"14":{"start":{"line":27,"column":1},"end":{"line":27,"column":20}},"15":{"start":{"line":30,"column":0},"end":{"line":32,"column":1}},"16":{"start":{"line":31,"column":1},"end":{"line":31,"column":42}},"17":{"start":{"line":34,"column":0},"end":{"line":78,"column":2}},"18":{"start":{"line":38,"column":2},"end":{"line":38,"column":27}},"19":{"start":{"line":40,"column":2},"end":{"line":40,"column":20}},"20":{"start":{"line":42,"column":2},"end":{"line":71,"column":3}},"21":{"start":{"line":44,"column":3},"end":{"line":50,"column":4}},"22":{"start":{"line":45,"column":4},"end":{"line":48,"column":5}},"23":{"start":{"line":46,"column":5},"end":{"line":46,"column":63}},"24":{"start":{"line":47,"column":5},"end":{"line":47,"column":22}},"25":{"start":{"line":49,"column":4},"end":{"line":49,"column":11}},"26":{"start":{"line":52,"column":3},"end":{"line":62,"column":6}},"27":{"start":{"line":64,"column":3},"end":{"line":64,"column":26}},"28":{"start":{"line":66,"column":3},"end":{"line":66,"column":24}},"29":{"start":{"line":68,"column":3},"end":{"line":70,"column":6}},"30":{"start":{"line":69,"column":4},"end":{"line":69,"column":25}},"31":{"start":{"line":74,"column":2},"end":{"line":76,"column":3}},"32":{"start":{"line":80,"column":0},"end":{"line":80,"column":37}}},"branchMap":{"1":{"line":11,"type":"if","locations":[{"start":{"line":11,"column":1},"end":{"line":11,"column":1}},{"start":{"line":11,"column":1},"end":{"line":11,"column":1}}]},"2":{"line":44,"type":"if","locations":[{"start":{"line":44,"column":3},"end":{"line":44,"column":3}},{"start":{"line":44,"column":3},"end":{"line":44,"column":3}}]},"3":{"line":45,"type":"if","locations":[{"start":{"line":45,"column":4},"end":{"line":45,"column":4}},{"start":{"line":45,"column":4},"end":{"line":45,"column":4}}]}},"l":{"6":0,"8":0,"10":0,"11":0,"12":0,"14":0,"17":0,"19":0,"21":0,"23":0,"24":0,"25":0,"26":0,"27":0,"30":1,"31":0,"34":0,"38":0,"40":0,"42":0,"44":0,"45":0,"46":0,"47":0,"49":0,"52":0,"64":0,"66":0,"68":0,"69":0,"74":0,"80":0}},
"/Users/arming/WebstormProjects/bellerophon/src/ui/panelcomponent.js":{"path":"/Users/arming/WebstormProjects/bellerophon/src/ui/panelcomponent.js","s":{"1":2,"2":2,"3":2,"4":1,"5":0,"6":0,"7":0,"8":1,"9":0,"10":1,"11":0,"12":1,"13":0,"14":2,"15":1,"16":1,"17":1,"18":1,"19":1,"20":0,"21":0,"22":0,"23":0,"24":0,"25":0,"26":0,"27":0,"28":0,"29":0,"30":0,"31":0,"32":0,"33":0,"34":0,"35":2},"b":{"1":[0,0],"2":[0,0],"3":[0,0],"4":[0,0]},"f":{"1":0,"2":0,"3":0,"4":0,"5":1,"6":0,"7":0,"8":0,"9":0},"fnMap":{"1":{"name":"addTooltip","line":10,"loc":{"start":{"line":10,"column":0},"end":{"line":10,"column":44}}},"2":{"name":"addToTemplate","line":17,"loc":{"start":{"line":17,"column":0},"end":{"line":17,"column":36}}},"3":{"name":"removeFromTemplate","line":21,"loc":{"start":{"line":21,"column":0},"end":{"line":21,"column":41}}},"4":{"name":"toggleParamInTemplate","line":25,"loc":{"start":{"line":25,"column":0},"end":{"line":25,"column":41}}},"5":{"name":"(anonymous_5)","line":30,"loc":{"start":{"line":30,"column":13},"end":{"line":30,"column":31}}},"6":{"name":"(anonymous_6)","line":37,"loc":{"start":{"line":37,"column":7},"end":{"line":37,"column":28}}},"7":{"name":"(anonymous_7)","line":45,"loc":{"start":{"line":45,"column":38},"end":{"line":45,"column":54}}},"8":{"name":"(anonymous_8)","line":64,"loc":{"start":{"line":64,"column":38},"end":{"line":64,"column":59}}},"9":{"name":"(anonymous_9)","line":72,"loc":{"start":{"line":72,"column":39},"end":{"line":72,"column":50}}}},"statementMap":{"1":{"start":{"line":6,"column":0},"end":{"line":6,"column":27}},"2":{"start":{"line":7,"column":0},"end":{"line":7,"column":26}},"3":{"start":{"line":8,"column":0},"end":{"line":8,"column":50}},"4":{"start":{"line":10,"column":0},"end":{"line":15,"column":1}},"5":{"start":{"line":11,"column":1},"end":{"line":13,"column":2}},"6":{"start":{"line":12,"column":2},"end":{"line":12,"column":9}},"7":{"start":{"line":14,"column":1},"end":{"line":14,"column":22}},"8":{"start":{"line":17,"column":0},"end":{"line":19,"column":1}},"9":{"start":{"line":18,"column":1},"end":{"line":18,"column":58}},"10":{"start":{"line":21,"column":0},"end":{"line":23,"column":1}},"11":{"start":{"line":22,"column":1},"end":{"line":22,"column":63}},"12":{"start":{"line":25,"column":0},"end":{"line":27,"column":1}},"13":{"start":{"line":26,"column":1},"end":{"line":26,"column":44}},"14":{"start":{"line":29,"column":0},"end":{"line":98,"column":2}},"15":{"start":{"line":31,"column":2},"end":{"line":31,"column":35}},"16":{"start":{"line":32,"column":2},"end":{"line":32,"column":31}},"17":{"start":{"line":33,"column":2},"end":{"line":33,"column":25}},"18":{"start":{"line":34,"column":2},"end":{"line":34,"column":25}},"19":{"start":{"line":35,"column":2},"end":{"line":35,"column":31}},"20":{"start":{"line":38,"column":2},"end":{"line":96,"column":4}},"21":{"start":{"line":46,"column":8},"end":{"line":46,"column":43}},"22":{"start":{"line":47,"column":8},"end":{"line":51,"column":9}},"23":{"start":{"line":48,"column":9},"end":{"line":48,"column":104}},"24":{"start":{"line":50,"column":9},"end":{"line":50,"column":109}},"25":{"start":{"line":65,"column":7},"end":{"line":65,"column":32}},"26":{"start":{"line":66,"column":7},"end":{"line":69,"column":8}},"27":{"start":{"line":67,"column":8},"end":{"line":67,"column":55}},"28":{"start":{"line":68,"column":8},"end":{"line":68,"column":46}},"29":{"start":{"line":70,"column":7},"end":{"line":76,"column":10}},"30":{"start":{"line":73,"column":9},"end":{"line":73,"column":58}},"31":{"start":{"line":74,"column":9},"end":{"line":74,"column":125}},"32":{"start":{"line":77,"column":7},"end":{"line":79,"column":8}},"33":{"start":{"line":78,"column":8},"end":{"line":78,"column":32}},"34":{"start":{"line":80,"column":7},"end":{"line":90,"column":9}},"35":{"start":{"line":100,"column":0},"end":{"line":100,"column":32}}},"branchMap":{"1":{"line":11,"type":"if","locations":[{"start":{"line":11,"column":1},"end":{"line":11,"column":1}},{"start":{"line":11,"column":1},"end":{"line":11,"column":1}}]},"2":{"line":47,"type":"if","locations":[{"start":{"line":47,"column":8},"end":{"line":47,"column":8}},{"start":{"line":47,"column":8},"end":{"line":47,"column":8}}]},"3":{"line":66,"type":"if","locations":[{"start":{"line":66,"column":7},"end":{"line":66,"column":7}},{"start":{"line":66,"column":7},"end":{"line":66,"column":7}}]},"4":{"line":77,"type":"if","locations":[{"start":{"line":77,"column":7},"end":{"line":77,"column":7}},{"start":{"line":77,"column":7},"end":{"line":77,"column":7}}]}},"l":{"6":2,"7":2,"8":2,"10":1,"11":0,"12":0,"14":0,"17":1,"18":0,"21":1,"22":0,"25":1,"26":0,"29":2,"31":1,"32":1,"33":1,"34":1,"35":1,"38":0,"46":0,"47":0,"48":0,"50":0,"65":0,"66":0,"67":0,"68":0,"70":0,"73":0,"74":0,"77":0,"78":0,"80":0,"100":2}},
"/Users/arming/WebstormProjects/bellerophon/src/ui/resourcecomponent.js":{"path":"/Users/arming/WebstormProjects/bellerophon/src/ui/resourcecomponent.js","s":{"1":1,"2":1,"3":1,"4":1,"5":0,"6":0,"7":0,"8":0,"9":0,"10":0,"11":0,"12":0,"13":0,"14":1,"15":1,"16":1,"17":0,"18":0,"19":0,"20":0,"21":0,"22":0,"23":0,"24":0,"25":1},"b":{"1":[0,0],"2":[0,0],"3":[0,0],"4":[0,0],"5":[0,0],"6":[0,0]},"f":{"1":0,"2":1,"3":0,"4":0,"5":0,"6":0},"fnMap":{"1":{"name":"formatTitle","line":10,"loc":{"start":{"line":10,"column":0},"end":{"line":10,"column":28}}},"2":{"name":"(anonymous_2)","line":25,"loc":{"start":{"line":25,"column":13},"end":{"line":25,"column":32}}},"3":{"name":"(anonymous_3)","line":29,"loc":{"start":{"line":29,"column":7},"end":{"line":29,"column":29}}},"4":{"name":"(anonymous_4)","line":45,"loc":{"start":{"line":45,"column":34},"end":{"line":45,"column":56}}},"5":{"name":"(anonymous_5)","line":49,"loc":{"start":{"line":49,"column":42},"end":{"line":49,"column":73}}},"6":{"name":"(anonymous_6)","line":57,"loc":{"start":{"line":57,"column":55},"end":{"line":57,"column":75}}}},"statementMap":{"1":{"start":{"line":6,"column":0},"end":{"line":6,"column":27}},"2":{"start":{"line":7,"column":0},"end":{"line":7,"column":26}},"3":{"start":{"line":8,"column":0},"end":{"line":8,"column":49}},"4":{"start":{"line":10,"column":0},"end":{"line":22,"column":1}},"5":{"start":{"line":11,"column":1},"end":{"line":21,"column":2}},"6":{"start":{"line":12,"column":2},"end":{"line":12,"column":34}},"7":{"start":{"line":13,"column":8},"end":{"line":21,"column":2}},"8":{"start":{"line":14,"column":2},"end":{"line":14,"column":67}},"9":{"start":{"line":15,"column":8},"end":{"line":21,"column":2}},"10":{"start":{"line":16,"column":2},"end":{"line":16,"column":28}},"11":{"start":{"line":17,"column":8},"end":{"line":21,"column":2}},"12":{"start":{"line":18,"column":2},"end":{"line":18,"column":21}},"13":{"start":{"line":20,"column":2},"end":{"line":20,"column":34}},"14":{"start":{"line":24,"column":0},"end":{"line":72,"column":2}},"15":{"start":{"line":26,"column":2},"end":{"line":26,"column":37}},"16":{"start":{"line":27,"column":2},"end":{"line":27,"column":25}},"17":{"start":{"line":30,"column":2},"end":{"line":70,"column":3}},"18":{"start":{"line":31,"column":3},"end":{"line":41,"column":5}},"19":{"start":{"line":44,"column":3},"end":{"line":69,"column":5}},"20":{"start":{"line":46,"column":5},"end":{"line":67,"column":7}},"21":{"start":{"line":50,"column":8},"end":{"line":50,"column":81}},"22":{"start":{"line":51,"column":8},"end":{"line":64,"column":9}},"23":{"start":{"line":53,"column":9},"end":{"line":63,"column":11}},"24":{"start":{"line":59,"column":13},"end":{"line":59,"column":117}},"25":{"start":{"line":74,"column":0},"end":{"line":74,"column":35}}},"branchMap":{"1":{"line":11,"type":"if","locations":[{"start":{"line":11,"column":1},"end":{"line":11,"column":1}},{"start":{"line":11,"column":1},"end":{"line":11,"column":1}}]},"2":{"line":13,"type":"if","locations":[{"start":{"line":13,"column":8},"end":{"line":13,"column":8}},{"start":{"line":13,"column":8},"end":{"line":13,"column":8}}]},"3":{"line":15,"type":"if","locations":[{"start":{"line":15,"column":8},"end":{"line":15,"column":8}},{"start":{"line":15,"column":8},"end":{"line":15,"column":8}}]},"4":{"line":17,"type":"if","locations":[{"start":{"line":17,"column":8},"end":{"line":17,"column":8}},{"start":{"line":17,"column":8},"end":{"line":17,"column":8}}]},"5":{"line":30,"type":"if","locations":[{"start":{"line":30,"column":2},"end":{"line":30,"column":2}},{"start":{"line":30,"column":2},"end":{"line":30,"column":2}}]},"6":{"line":51,"type":"if","locations":[{"start":{"line":51,"column":8},"end":{"line":51,"column":8}},{"start":{"line":51,"column":8},"end":{"line":51,"column":8}}]}},"l":{"6":1,"7":1,"8":1,"10":1,"11":0,"12":0,"13":0,"14":0,"15":0,"16":0,"17":0,"18":0,"20":0,"24":1,"26":1,"27":1,"30":0,"31":0,"44":0,"46":0,"50":0,"51":0,"53":0,"59":0,"74":1}},
"/Users/arming/WebstormProjects/bellerophon/src/ui/sidebarcomponent.js":{"path":"/Users/arming/WebstormProjects/bellerophon/src/ui/sidebarcomponent.js","s":{"1":1,"2":1,"3":1,"4":1,"5":0,"6":1,"7":0,"8":1,"9":0,"10":1,"11":1,"12":1,"13":1,"14":1,"15":0,"16":0,"17":0,"18":0,"19":1},"b":{"1":[0,0]},"f":{"1":0,"2":0,"3":0,"4":1,"5":0,"6":0,"7":0},"fnMap":{"1":{"name":"openTemplateWindow","line":7,"loc":{"start":{"line":7,"column":0},"end":{"line":7,"column":30}}},"2":{"name":"openSaveDialog","line":11,"loc":{"start":{"line":11,"column":0},"end":{"line":11,"column":26}}},"3":{"name":"refreshResources","line":15,"loc":{"start":{"line":15,"column":0},"end":{"line":15,"column":28}}},"4":{"name":"(anonymous_4)","line":20,"loc":{"start":{"line":20,"column":13},"end":{"line":20,"column":31}}},"5":{"name":"(anonymous_5)","line":26,"loc":{"start":{"line":26,"column":7},"end":{"line":26,"column":28}}},"6":{"name":"(anonymous_6)","line":29,"loc":{"start":{"line":29,"column":34},"end":{"line":29,"column":58}}},"7":{"name":"(anonymous_7)","line":33,"loc":{"start":{"line":33,"column":42},"end":{"line":33,"column":72}}}},"statementMap":{"1":{"start":{"line":3,"column":0},"end":{"line":3,"column":27}},"2":{"start":{"line":4,"column":0},"end":{"line":4,"column":26}},"3":{"start":{"line":5,"column":0},"end":{"line":5,"column":50}},"4":{"start":{"line":7,"column":0},"end":{"line":9,"column":1}},"5":{"start":{"line":8,"column":1},"end":{"line":8,"column":42}},"6":{"start":{"line":11,"column":0},"end":{"line":13,"column":1}},"7":{"start":{"line":12,"column":1},"end":{"line":12,"column":38}},"8":{"start":{"line":15,"column":0},"end":{"line":17,"column":1}},"9":{"start":{"line":16,"column":1},"end":{"line":16,"column":39}},"10":{"start":{"line":19,"column":0},"end":{"line":50,"column":2}},"11":{"start":{"line":21,"column":2},"end":{"line":21,"column":37}},"12":{"start":{"line":22,"column":2},"end":{"line":22,"column":47}},"13":{"start":{"line":23,"column":2},"end":{"line":23,"column":39}},"14":{"start":{"line":24,"column":2},"end":{"line":24,"column":43}},"15":{"start":{"line":27,"column":2},"end":{"line":48,"column":4}},"16":{"start":{"line":30,"column":5},"end":{"line":39,"column":7}},"17":{"start":{"line":34,"column":8},"end":{"line":36,"column":9}},"18":{"start":{"line":35,"column":9},"end":{"line":35,"column":71}},"19":{"start":{"line":52,"column":0},"end":{"line":52,"column":34}}},"branchMap":{"1":{"line":34,"type":"if","locations":[{"start":{"line":34,"column":8},"end":{"line":34,"column":8}},{"start":{"line":34,"column":8},"end":{"line":34,"column":8}}]}},"l":{"3":1,"4":1,"5":1,"7":1,"8":0,"11":1,"12":0,"15":1,"16":0,"19":1,"21":1,"22":1,"23":1,"24":1,"27":0,"30":0,"34":0,"35":0,"52":1}},
"/Users/arming/WebstormProjects/bellerophon/src/ui/uiView.js":{"path":"/Users/arming/WebstormProjects/bellerophon/src/ui/uiView.js","s":{"1":0,"2":0,"3":0,"4":0,"5":0,"6":0,"7":0,"8":0,"9":0,"10":0,"11":0,"12":0,"13":0,"14":0,"15":0,"16":0,"17":0,"18":0,"19":0,"20":0,"21":0,"22":0,"23":0},"b":{"1":[0,0]},"f":{"1":0,"2":0,"3":0,"4":0},"fnMap":{"1":{"name":"(anonymous_1)","line":13,"loc":{"start":{"line":13,"column":10},"end":{"line":13,"column":31}}},"2":{"name":"(anonymous_2)","line":26,"loc":{"start":{"line":26,"column":35},"end":{"line":26,"column":56}}},"3":{"name":"(anonymous_3)","line":37,"loc":{"start":{"line":37,"column":13},"end":{"line":37,"column":24}}},"4":{"name":"(anonymous_4)","line":41,"loc":{"start":{"line":41,"column":7},"end":{"line":41,"column":28}}}},"statementMap":{"1":{"start":{"line":7,"column":0},"end":{"line":7,"column":27}},"2":{"start":{"line":8,"column":0},"end":{"line":8,"column":50}},"3":{"start":{"line":10,"column":0},"end":{"line":10,"column":53}},"4":{"start":{"line":11,"column":0},"end":{"line":11,"column":55}},"5":{"start":{"line":13,"column":0},"end":{"line":18,"column":2}},"6":{"start":{"line":14,"column":1},"end":{"line":16,"column":2}},"7":{"start":{"line":15,"column":2},"end":{"line":15,"column":17}},"8":{"start":{"line":17,"column":1},"end":{"line":17,"column":71}},"9":{"start":{"line":20,"column":0},"end":{"line":20,"column":23}},"10":{"start":{"line":22,"column":0},"end":{"line":22,"column":25}},"11":{"start":{"line":24,"column":0},"end":{"line":24,"column":37}},"12":{"start":{"line":26,"column":0},"end":{"line":34,"column":3}},"13":{"start":{"line":27,"column":1},"end":{"line":27,"column":22}},"14":{"start":{"line":28,"column":1},"end":{"line":28,"column":27}},"15":{"start":{"line":30,"column":1},"end":{"line":30,"column":16}},"16":{"start":{"line":31,"column":1},"end":{"line":31,"column":26}},"17":{"start":{"line":33,"column":1},"end":{"line":33,"column":20}},"18":{"start":{"line":36,"column":0},"end":{"line":49,"column":2}},"19":{"start":{"line":38,"column":2},"end":{"line":38,"column":29}},"20":{"start":{"line":39,"column":2},"end":{"line":39,"column":17}},"21":{"start":{"line":42,"column":2},"end":{"line":47,"column":4}},"22":{"start":{"line":51,"column":0},"end":{"line":51,"column":30}},"23":{"start":{"line":53,"column":0},"end":{"line":53,"column":24}}},"branchMap":{"1":{"line":14,"type":"if","locations":[{"start":{"line":14,"column":1},"end":{"line":14,"column":1}},{"start":{"line":14,"column":1},"end":{"line":14,"column":1}}]}},"l":{"7":0,"8":0,"10":0,"11":0,"13":0,"14":0,"15":0,"17":0,"20":0,"22":0,"24":0,"26":0,"27":0,"28":0,"30":0,"31":0,"33":0,"36":0,"38":0,"39":0,"42":0,"51":0,"53":0}}}
