TN:
SF:/Users/arming/WebstormProjects/bellerophon/src/availableresources.js
FN:54,(anonymous_1)
FNF:1
FNH:0
FNDA:0,(anonymous_1)
DA:7,0
DA:9,0
DA:55,0
DA:60,0
LF:4
LH:0
BRF:0
BRH:0
end_of_record
TN:
SF:/Users/arming/WebstormProjects/bellerophon/src/index.js
FN:16,showSaveDialog
FN:22,(anonymous_2)
FN:25,(anonymous_3)
FN:44,(anonymous_4)
FN:48,(anonymous_5)
FN:51,(anonymous_6)
FN:57,updateResource
FN:61,(anonymous_8)
FN:66,(anonymous_9)
FN:71,(anonymous_10)
FN:81,updateResources
FN:83,(anonymous_12)
FN:84,(anonymous_13)
FN:91,(anonymous_14)
FN:96,(anonymous_15)
FN:99,(anonymous_16)
FN:105,(anonymous_17)
FN:110,(anonymous_18)
FN:115,(anonymous_19)
FN:122,(anonymous_20)
FN:127,(anonymous_21)
FN:145,(anonymous_22)
FN:158,(anonymous_23)
FN:175,onMainClosed
FN:179,onTemplateClosed
FN:183,createMainWindow
FN:197,createTemplateWindow
FN:209,(anonymous_28)
FN:213,(anonymous_29)
FN:223,(anonymous_30)
FN:233,(anonymous_31)
FN:240,(anonymous_32)
FN:246,(anonymous_33)
FN:253,(anonymous_34)
FN:259,(anonymous_35)
FN:288,(anonymous_36)
FN:309,(anonymous_37)
FN:318,(anonymous_38)
FN:328,(anonymous_39)
FNF:39
FNH:0
FNDA:0,showSaveDialog
FNDA:0,(anonymous_2)
FNDA:0,(anonymous_3)
FNDA:0,(anonymous_4)
FNDA:0,(anonymous_5)
FNDA:0,(anonymous_6)
FNDA:0,updateResource
FNDA:0,(anonymous_8)
FNDA:0,(anonymous_9)
FNDA:0,(anonymous_10)
FNDA:0,updateResources
FNDA:0,(anonymous_12)
FNDA:0,(anonymous_13)
FNDA:0,(anonymous_14)
FNDA:0,(anonymous_15)
FNDA:0,(anonymous_16)
FNDA:0,(anonymous_17)
FNDA:0,(anonymous_18)
FNDA:0,(anonymous_19)
FNDA:0,(anonymous_20)
FNDA:0,(anonymous_21)
FNDA:0,(anonymous_22)
FNDA:0,(anonymous_23)
FNDA:0,onMainClosed
FNDA:0,onTemplateClosed
FNDA:0,createMainWindow
FNDA:0,createTemplateWindow
FNDA:0,(anonymous_28)
FNDA:0,(anonymous_29)
FNDA:0,(anonymous_30)
FNDA:0,(anonymous_31)
FNDA:0,(anonymous_32)
FNDA:0,(anonymous_33)
FNDA:0,(anonymous_34)
FNDA:0,(anonymous_35)
FNDA:0,(anonymous_36)
FNDA:0,(anonymous_37)
FNDA:0,(anonymous_38)
FNDA:0,(anonymous_39)
DA:2,0
DA:3,0
DA:4,0
DA:5,0
DA:6,0
DA:7,0
DA:8,0
DA:9,0
DA:10,0
DA:11,0
DA:12,0
DA:14,0
DA:16,1
DA:17,0
DA:23,0
DA:24,0
DA:25,0
DA:26,0
DA:33,0
DA:34,0
DA:36,0
DA:38,0
DA:39,0
DA:41,0
DA:42,0
DA:44,0
DA:45,0
DA:48,0
DA:49,0
DA:50,0
DA:52,0
DA:53,0
DA:57,1
DA:58,0
DA:59,0
DA:63,0
DA:64,0
DA:66,0
DA:67,0
DA:68,0
DA:72,0
DA:73,0
DA:74,0
DA:81,1
DA:82,0
DA:83,0
DA:84,0
DA:85,0
DA:88,0
DA:91,0
DA:92,0
DA:93,0
DA:96,0
DA:97,0
DA:98,0
DA:100,0
DA:101,0
DA:105,0
DA:106,0
DA:107,0
DA:110,0
DA:111,0
DA:112,0
DA:115,0
DA:116,0
DA:117,0
DA:118,0
DA:122,0
DA:123,0
DA:124,0
DA:127,0
DA:128,0
DA:129,0
DA:130,0
DA:131,0
DA:133,0
DA:134,0
DA:136,0
DA:139,0
DA:140,0
DA:142,0
DA:145,0
DA:146,0
DA:148,0
DA:151,0
DA:152,0
DA:153,0
DA:155,0
DA:158,0
DA:159,0
DA:160,0
DA:161,0
DA:162,0
DA:163,0
DA:164,0
DA:166,0
DA:170,0
DA:173,0
DA:175,1
DA:176,0
DA:179,1
DA:180,0
DA:183,1
DA:184,0
DA:192,0
DA:193,0
DA:194,0
DA:197,1
DA:198,0
DA:204,0
DA:205,0
DA:206,0
DA:209,0
DA:210,0
DA:213,0
DA:214,0
DA:215,0
DA:216,0
DA:221,0
DA:223,0
DA:224,0
DA:226,0
DA:234,0
DA:235,0
DA:241,0
DA:242,0
DA:244,0
DA:247,0
DA:248,0
DA:254,0
DA:255,0
DA:257,0
DA:260,0
DA:261,0
DA:288,0
DA:294,0
DA:295,0
DA:296,0
DA:310,0
DA:311,0
DA:319,0
DA:328,0
DA:332,0
DA:343,0
DA:344,0
DA:346,0
LF:146
LH:7
BRDA:23,1,0,0
BRDA:23,1,1,0
BRDA:63,2,0,0
BRDA:63,2,1,0
BRDA:117,3,0,0
BRDA:117,3,1,0
BRDA:129,4,0,0
BRDA:129,4,1,0
BRDA:139,5,0,0
BRDA:139,5,1,0
BRDA:152,6,0,0
BRDA:152,6,1,0
BRDA:163,7,0,0
BRDA:163,7,1,0
BRDA:215,8,0,0
BRDA:215,8,1,0
BRDA:234,9,0,0
BRDA:234,9,1,0
BRDA:241,10,0,0
BRDA:241,10,1,0
BRDA:247,11,0,0
BRDA:247,11,1,0
BRDA:254,12,0,0
BRDA:254,12,1,0
BRDA:260,13,0,0
BRDA:260,13,1,0
BRDA:294,14,0,0
BRDA:294,14,1,0
BRDA:310,15,0,0
BRDA:310,15,1,0
BRF:30
BRH:0
end_of_record
TN:
SF:/Users/arming/WebstormProjects/bellerophon/src/logger.js
FN:8,(anonymous_1)
FN:18,(anonymous_2)
FNF:2
FNH:0
FNDA:0,(anonymous_1)
FNDA:0,(anonymous_2)
DA:5,0
DA:6,0
DA:8,0
DA:9,0
DA:10,0
DA:18,0
DA:19,0
DA:20,0
DA:22,0
DA:23,0
DA:25,0
DA:29,0
LF:12
LH:0
BRDA:19,1,0,0
BRDA:19,1,1,0
BRDA:22,2,0,0
BRDA:22,2,1,0
BRF:4
BRH:0
end_of_record
TN:
SF:/Users/arming/WebstormProjects/bellerophon/src/resource.js
FN:16,(anonymous_1)
FN:21,baseConstruct
FN:36,(anonymous_3)
FN:65,(anonymous_4)
FN:92,(anonymous_5)
FN:95,(anonymous_6)
FN:96,(anonymous_7)
FN:103,(anonymous_8)
FN:105,(anonymous_9)
FN:110,(anonymous_10)
FN:130,(anonymous_11)
FN:152,(anonymous_12)
FNF:12
FNH:9
FNDA:5,(anonymous_1)
FNDA:5,baseConstruct
FNDA:2,(anonymous_3)
FNDA:1,(anonymous_4)
FNDA:1,(anonymous_5)
FNDA:1,(anonymous_6)
FNDA:9,(anonymous_7)
FNDA:0,(anonymous_8)
FNDA:0,(anonymous_9)
FNDA:0,(anonymous_10)
FNDA:1,(anonymous_11)
FNDA:1,(anonymous_12)
DA:6,1
DA:8,1
DA:9,1
DA:11,1
DA:13,1
DA:14,1
DA:16,1
DA:17,5
DA:18,5
DA:21,1
DA:22,5
DA:23,5
DA:24,5
DA:25,5
DA:26,5
DA:29,1
DA:37,2
DA:38,2
DA:66,1
DA:67,1
DA:93,1
DA:96,1
DA:97,9
DA:104,0
DA:105,0
DA:106,0
DA:108,0
DA:111,0
DA:112,0
DA:131,1
DA:132,1
DA:153,1
DA:154,1
DA:626,1
LF:34
LH:28
BRF:0
BRH:0
end_of_record
TN:
SF:/Users/arming/WebstormProjects/bellerophon/src/template.js
FN:9,(anonymous_1)
FN:13,recursiveReplace
FN:14,(anonymous_3)
FN:19,(anonymous_4)
FN:31,populateBlock
FN:32,(anonymous_6)
FN:39,(anonymous_7)
FN:42,(anonymous_8)
FN:48,(anonymous_9)
FN:53,(anonymous_10)
FN:67,(anonymous_11)
FNF:11
FNH:9
FNDA:1,(anonymous_1)
FNDA:12,recursiveReplace
FNDA:14,(anonymous_3)
FNDA:0,(anonymous_4)
FNDA:2,populateBlock
FNDA:8,(anonymous_6)
FNDA:2,(anonymous_7)
FNDA:0,(anonymous_8)
FNDA:2,(anonymous_9)
FNDA:1,(anonymous_10)
FNDA:1,(anonymous_11)
DA:7,1
DA:9,1
DA:11,1
DA:13,1
DA:14,12
DA:15,14
DA:16,0
DA:18,14
DA:19,4
DA:20,0
DA:21,0
DA:25,14
DA:26,8
DA:31,1
DA:32,2
DA:33,8
DA:34,8
DA:36,2
DA:39,1
DA:40,2
DA:41,2
DA:42,2
DA:43,0
DA:45,2
DA:48,1
DA:49,2
DA:50,2
DA:53,1
DA:54,1
DA:55,1
DA:56,1
DA:57,1
DA:58,1
DA:59,1
DA:67,1
DA:68,1
DA:69,1
DA:70,1
DA:71,1
DA:72,1
DA:77,1
DA:85,1
LF:42
LH:38
BRDA:15,1,0,0
BRDA:15,1,1,14
BRDA:18,2,0,4
BRDA:18,2,1,10
BRDA:20,3,0,0
BRDA:20,3,1,0
BRDA:25,4,0,8
BRDA:25,4,1,6
BRDA:54,5,0,1
BRDA:54,5,1,0
BRDA:55,6,0,1
BRDA:55,6,1,0
BRDA:68,7,0,1
BRDA:68,7,1,0
BRDA:69,8,0,1
BRDA:69,8,1,0
BRF:16
BRH:9
end_of_record
TN:
SF:/Users/arming/WebstormProjects/bellerophon/src/template/templateView.js
FN:10,(anonymous_1)
FN:23,(anonymous_2)
FN:30,resizeEditor
FN:36,(anonymous_4)
FN:42,(anonymous_5)
FN:68,(anonymous_6)
FN:73,(anonymous_7)
FNF:7
FNH:0
FNDA:0,(anonymous_1)
FNDA:0,(anonymous_2)
FNDA:0,resizeEditor
FNDA:0,(anonymous_4)
FNDA:0,(anonymous_5)
FNDA:0,(anonymous_6)
FNDA:0,(anonymous_7)
DA:6,0
DA:8,0
DA:10,0
DA:11,0
DA:12,0
DA:14,0
DA:17,0
DA:19,0
DA:21,0
DA:23,0
DA:24,0
DA:25,0
DA:26,0
DA:27,0
DA:30,1
DA:31,0
DA:34,0
DA:38,0
DA:40,0
DA:42,0
DA:44,0
DA:45,0
DA:46,0
DA:47,0
DA:49,0
DA:52,0
DA:64,0
DA:66,0
DA:68,0
DA:69,0
DA:74,0
DA:80,0
LF:32
LH:1
BRDA:11,1,0,0
BRDA:11,1,1,0
BRDA:44,2,0,0
BRDA:44,2,1,0
BRDA:45,3,0,0
BRDA:45,3,1,0
BRF:6
BRH:0
end_of_record
TN:
SF:/Users/arming/WebstormProjects/bellerophon/src/ui/panelcomponent.js
FN:10,addTooltip
FN:17,addToTemplate
FN:21,removeFromTemplate
FN:25,toggleParamInTemplate
FN:30,(anonymous_5)
FN:37,(anonymous_6)
FN:45,(anonymous_7)
FN:64,(anonymous_8)
FN:72,(anonymous_9)
FNF:9
FNH:1
FNDA:0,addTooltip
FNDA:0,addToTemplate
FNDA:0,removeFromTemplate
FNDA:0,toggleParamInTemplate
FNDA:1,(anonymous_5)
FNDA:0,(anonymous_6)
FNDA:0,(anonymous_7)
FNDA:0,(anonymous_8)
FNDA:0,(anonymous_9)
DA:6,2
DA:7,2
DA:8,2
DA:10,1
DA:11,0
DA:12,0
DA:14,0
DA:17,1
DA:18,0
DA:21,1
DA:22,0
DA:25,1
DA:26,0
DA:29,2
DA:31,1
DA:32,1
DA:33,1
DA:34,1
DA:35,1
DA:38,0
DA:46,0
DA:47,0
DA:48,0
DA:50,0
DA:65,0
DA:66,0
DA:67,0
DA:68,0
DA:70,0
DA:73,0
DA:74,0
DA:77,0
DA:78,0
DA:80,0
DA:100,2
LF:35
LH:14
BRDA:11,1,0,0
BRDA:11,1,1,0
BRDA:47,2,0,0
BRDA:47,2,1,0
BRDA:66,3,0,0
BRDA:66,3,1,0
BRDA:77,4,0,0
BRDA:77,4,1,0
BRF:8
BRH:0
end_of_record
TN:
SF:/Users/arming/WebstormProjects/bellerophon/src/ui/resourcecomponent.js
FN:10,formatTitle
FN:25,(anonymous_2)
FN:29,(anonymous_3)
FN:45,(anonymous_4)
FN:49,(anonymous_5)
FN:57,(anonymous_6)
FNF:6
FNH:1
FNDA:0,formatTitle
FNDA:1,(anonymous_2)
FNDA:0,(anonymous_3)
FNDA:0,(anonymous_4)
FNDA:0,(anonymous_5)
FNDA:0,(anonymous_6)
DA:6,1
DA:7,1
DA:8,1
DA:10,1
DA:11,0
DA:12,0
DA:13,0
DA:14,0
DA:15,0
DA:16,0
DA:17,0
DA:18,0
DA:20,0
DA:24,1
DA:26,1
DA:27,1
DA:30,0
DA:31,0
DA:44,0
DA:46,0
DA:50,0
DA:51,0
DA:53,0
DA:59,0
DA:74,1
LF:25
LH:8
BRDA:11,1,0,0
BRDA:11,1,1,0
BRDA:13,2,0,0
BRDA:13,2,1,0
BRDA:15,3,0,0
BRDA:15,3,1,0
BRDA:17,4,0,0
BRDA:17,4,1,0
BRDA:30,5,0,0
BRDA:30,5,1,0
BRDA:51,6,0,0
BRDA:51,6,1,0
BRF:12
BRH:0
end_of_record
TN:
SF:/Users/arming/WebstormProjects/bellerophon/src/ui/sidebarcomponent.js
FN:7,openTemplateWindow
FN:11,openSaveDialog
FN:15,refreshResources
FN:20,(anonymous_4)
FN:26,(anonymous_5)
FN:29,(anonymous_6)
FN:33,(anonymous_7)
FNF:7
FNH:1
FNDA:0,openTemplateWindow
FNDA:0,openSaveDialog
FNDA:0,refreshResources
FNDA:1,(anonymous_4)
FNDA:0,(anonymous_5)
FNDA:0,(anonymous_6)
FNDA:0,(anonymous_7)
DA:3,1
DA:4,1
DA:5,1
DA:7,1
DA:8,0
DA:11,1
DA:12,0
DA:15,1
DA:16,0
DA:19,1
DA:21,1
DA:22,1
DA:23,1
DA:24,1
DA:27,0
DA:30,0
DA:34,0
DA:35,0
DA:52,1
LF:19
LH:12
BRDA:34,1,0,0
BRDA:34,1,1,0
BRF:2
BRH:0
end_of_record
TN:
SF:/Users/arming/WebstormProjects/bellerophon/src/ui/uiView.js
FN:13,(anonymous_1)
FN:26,(anonymous_2)
FN:37,(anonymous_3)
FN:41,(anonymous_4)
FNF:4
FNH:0
FNDA:0,(anonymous_1)
FNDA:0,(anonymous_2)
FNDA:0,(anonymous_3)
FNDA:0,(anonymous_4)
DA:7,0
DA:8,0
DA:10,0
DA:11,0
DA:13,0
DA:14,0
DA:15,0
DA:17,0
DA:20,0
DA:22,0
DA:24,0
DA:26,0
DA:27,0
DA:28,0
DA:30,0
DA:31,0
DA:33,0
DA:36,0
DA:38,0
DA:39,0
DA:42,0
DA:51,0
DA:53,0
LF:23
LH:0
BRDA:14,1,0,0
BRDA:14,1,1,0
BRF:2
BRH:0
end_of_record
